<?xml version="1.0" encoding="UTF-8"?>
<!-- Generated by org.testng.reporters.JUnitReportReporter -->
<testsuite hostname="lpz-wfh-59" name="com.tmos.api.steps.Service1Steps" tests="1" failures="0" timestamp="9 Oct 2020 18:06:39 GMT" time="0.008" errors="0">
  <testcase name="dj" time="0.008" classname="com.tmos.api.steps.Service1Steps"/>
</testsuite> <!-- com.tmos.api.steps.Service1Steps -->
